Determining if the pthread_create exist failed with the following output:
Change Dir: /home/mohamedaboushenif/Desktop/rosbag2pcd2bin_converter/build/CMakeFiles/CMakeTmp

Run Build Command:"/usr/bin/make" "cmTC_99ee8/fast"
/usr/bin/make -f CMakeFiles/cmTC_99ee8.dir/build.make CMakeFiles/cmTC_99ee8.dir/build
make[1]: Entering directory '/home/mohamedaboushenif/Desktop/rosbag2pcd2bin_converter/build/CMakeFiles/CMakeTmp'
Building C object CMakeFiles/cmTC_99ee8.dir/CheckSymbolExists.c.o
/usr/bin/cc    -o CMakeFiles/cmTC_99ee8.dir/CheckSymbolExists.c.o   -c /home/mohamedaboushenif/Desktop/rosbag2pcd2bin_converter/build/CMakeFiles/CMakeTmp/CheckSymbolExists.c
Linking C executable cmTC_99ee8
/usr/bin/cmake -E cmake_link_script CMakeFiles/cmTC_99ee8.dir/link.txt --verbose=1
/usr/bin/cc      -rdynamic CMakeFiles/cmTC_99ee8.dir/CheckSymbolExists.c.o  -o cmTC_99ee8 
CMakeFiles/cmTC_99ee8.dir/CheckSymbolExists.c.o: In function `main':
CheckSymbolExists.c:(.text+0x1b): undefined reference to `pthread_create'
collect2: error: ld returned 1 exit status
CMakeFiles/cmTC_99ee8.dir/build.make:97: recipe for target 'cmTC_99ee8' failed
make[1]: *** [cmTC_99ee8] Error 1
make[1]: Leaving directory '/home/mohamedaboushenif/Desktop/rosbag2pcd2bin_converter/build/CMakeFiles/CMakeTmp'
Makefile:126: recipe for target 'cmTC_99ee8/fast' failed
make: *** [cmTC_99ee8/fast] Error 2

File /home/mohamedaboushenif/Desktop/rosbag2pcd2bin_converter/build/CMakeFiles/CMakeTmp/CheckSymbolExists.c:
/* */
#include <pthread.h>

int main(int argc, char** argv)
{
  (void)argv;
#ifndef pthread_create
  return ((int*)(&pthread_create))[argc];
#else
  (void)argc;
  return 0;
#endif
}

Determining if the function pthread_create exists in the pthreads failed with the following output:
Change Dir: /home/mohamedaboushenif/Desktop/rosbag2pcd2bin_converter/build/CMakeFiles/CMakeTmp

Run Build Command:"/usr/bin/make" "cmTC_c4b70/fast"
/usr/bin/make -f CMakeFiles/cmTC_c4b70.dir/build.make CMakeFiles/cmTC_c4b70.dir/build
make[1]: Entering directory '/home/mohamedaboushenif/Desktop/rosbag2pcd2bin_converter/build/CMakeFiles/CMakeTmp'
Building C object CMakeFiles/cmTC_c4b70.dir/CheckFunctionExists.c.o
/usr/bin/cc   -DCHECK_FUNCTION_EXISTS=pthread_create   -o CMakeFiles/cmTC_c4b70.dir/CheckFunctionExists.c.o   -c /usr/share/cmake-3.10/Modules/CheckFunctionExists.c
Linking C executable cmTC_c4b70
/usr/bin/cmake -E cmake_link_script CMakeFiles/cmTC_c4b70.dir/link.txt --verbose=1
/usr/bin/cc  -DCHECK_FUNCTION_EXISTS=pthread_create    -rdynamic CMakeFiles/cmTC_c4b70.dir/CheckFunctionExists.c.o  -o cmTC_c4b70 -lpthreads 
/usr/bin/ld: cannot find -lpthreads
collect2: error: ld returned 1 exit status
CMakeFiles/cmTC_c4b70.dir/build.make:97: recipe for target 'cmTC_c4b70' failed
make[1]: *** [cmTC_c4b70] Error 1
make[1]: Leaving directory '/home/mohamedaboushenif/Desktop/rosbag2pcd2bin_converter/build/CMakeFiles/CMakeTmp'
Makefile:126: recipe for target 'cmTC_c4b70/fast' failed
make: *** [cmTC_c4b70/fast] Error 2


